{"contracts/ERC1167.sol":{"l":{"8":59,"10":59,"20":0,"22":0},"path":"/home/amxx/Work/Projects/ERC20s/contracts/ERC1167.sol","s":{"1":59,"2":0},"b":{},"f":{"1":59,"2":0},"fnMap":{"1":{"name":"clone","line":7,"loc":{"start":{"line":7,"column":4},"end":{"line":17,"column":4}}},"2":{"name":"clone2","line":19,"loc":{"start":{"line":19,"column":4},"end":{"line":29,"column":4}}}},"statementMap":{"1":{"start":{"line":8,"column":8},"end":{"line":8,"column":40}},"2":{"start":{"line":20,"column":8},"end":{"line":20,"column":40}}},"branchMap":{}},"contracts/ERC20Initializable.sol":{"l":{"23":1,"34":63,"35":59,"36":59,"37":59,"38":59,"44":49,"50":3,"56":1,"62":80},"path":"/home/amxx/Work/Projects/ERC20s/contracts/ERC20Initializable.sol","s":{"1":1,"2":63,"3":59,"4":59,"5":59,"6":59,"7":49,"8":3,"9":1,"10":80},"b":{"1":[59,4]},"f":{"1":1,"2":63,"3":49,"4":3,"5":1,"6":80},"fnMap":{"1":{"name":"constructor","line":20,"loc":{"start":{"line":20,"column":4},"end":{"line":24,"column":4}}},"2":{"name":"initialize","line":26,"loc":{"start":{"line":26,"column":4},"end":{"line":39,"column":4}}},"3":{"name":"mint","line":42,"loc":{"start":{"line":41,"column":4},"end":{"line":45,"column":4}}},"4":{"name":"pause","line":48,"loc":{"start":{"line":47,"column":4},"end":{"line":51,"column":4}}},"5":{"name":"unpause","line":54,"loc":{"start":{"line":53,"column":4},"end":{"line":57,"column":4}}},"6":{"name":"_beforeTokenTransfer","line":59,"loc":{"start":{"line":59,"column":4},"end":{"line":63,"column":4}}}},"statementMap":{"1":{"start":{"line":23,"column":8},"end":{"line":23,"column":26}},"2":{"start":{"line":34,"column":8},"end":{"line":34,"column":72}},"3":{"start":{"line":35,"column":8},"end":{"line":35,"column":26}},"4":{"start":{"line":36,"column":8},"end":{"line":36,"column":41}},"5":{"start":{"line":37,"column":8},"end":{"line":37,"column":45}},"6":{"start":{"line":38,"column":8},"end":{"line":38,"column":47}},"7":{"start":{"line":44,"column":8},"end":{"line":44,"column":24}},"8":{"start":{"line":50,"column":8},"end":{"line":50,"column":15}},"9":{"start":{"line":56,"column":8},"end":{"line":56,"column":17}},"10":{"start":{"line":62,"column":8},"end":{"line":62,"column":51}}},"branchMap":{"1":{"line":34,"type":"if","locations":[{"start":{"line":34,"column":8},"end":{"line":34,"column":8}},{"start":{"line":34,"column":8},"end":{"line":34,"column":8}}]}}},"contracts/Factory.sol":{"l":{"14":0,"15":0,"21":59,"22":59,"24":59,"26":59},"path":"/home/amxx/Work/Projects/ERC20s/contracts/Factory.sol","s":{"1":0,"2":0,"3":59,"4":59,"5":59},"b":{},"f":{"1":0,"2":59},"fnMap":{"1":{"name":"newInstance","line":11,"loc":{"start":{"line":11,"column":4},"end":{"line":16,"column":4}}},"2":{"name":"newInstanceAndCall","line":18,"loc":{"start":{"line":18,"column":4},"end":{"line":27,"column":4}}}},"statementMap":{"1":{"start":{"line":14,"column":8},"end":{"line":14,"column":39}},"2":{"start":{"line":15,"column":8},"end":{"line":15,"column":42}},"3":{"start":{"line":21,"column":8},"end":{"line":21,"column":39}},"4":{"start":{"line":22,"column":8},"end":{"line":22,"column":42}},"5":{"start":{"line":24,"column":8},"end":{"line":24,"column":49}}},"branchMap":{}},"contracts/initializable/ERC20.sol":{"l":{"56":59,"57":59,"58":59,"65":1,"73":1,"90":1,"97":51,"104":14,"116":8,"117":4,"124":18,"135":26,"136":24,"153":14,"154":6,"155":4,"171":0,"172":0,"190":0,"191":0,"209":22,"210":20,"212":16,"214":16,"215":10,"216":10,"229":49,"231":49,"233":43,"234":43,"235":43,"250":15,"252":15,"254":15,"255":11,"256":11,"273":38,"274":38,"276":36,"277":36,"288":0},"path":"/home/amxx/Work/Projects/ERC20s/contracts/initializable/ERC20.sol","s":{"1":59,"2":59,"3":59,"4":1,"5":1,"6":1,"7":51,"8":14,"9":8,"10":4,"11":18,"12":26,"13":24,"14":14,"15":6,"16":4,"17":0,"18":0,"19":0,"20":0,"21":22,"22":20,"23":16,"24":16,"25":10,"26":10,"27":49,"28":49,"29":43,"30":43,"31":43,"32":15,"33":15,"34":15,"35":11,"36":11,"37":38,"38":38,"39":36,"40":36,"41":0},"b":{"1":[20,2],"2":[16,4],"3":[49,0],"4":[15,0],"5":[38,0],"6":[36,2]},"f":{"1":59,"2":1,"3":1,"4":1,"5":51,"6":14,"7":8,"8":18,"9":26,"10":14,"11":0,"12":0,"13":22,"14":49,"15":15,"16":38,"17":0,"18":80},"fnMap":{"1":{"name":"_initializeERC20","line":55,"loc":{"start":{"line":55,"column":4},"end":{"line":59,"column":4}}},"2":{"name":"name","line":64,"loc":{"start":{"line":64,"column":4},"end":{"line":66,"column":4}}},"3":{"name":"symbol","line":72,"loc":{"start":{"line":72,"column":4},"end":{"line":74,"column":4}}},"4":{"name":"decimals","line":89,"loc":{"start":{"line":89,"column":4},"end":{"line":91,"column":4}}},"5":{"name":"totalSupply","line":96,"loc":{"start":{"line":96,"column":4},"end":{"line":98,"column":4}}},"6":{"name":"balanceOf","line":103,"loc":{"start":{"line":103,"column":4},"end":{"line":105,"column":4}}},"7":{"name":"transfer","line":115,"loc":{"start":{"line":115,"column":4},"end":{"line":118,"column":4}}},"8":{"name":"allowance","line":123,"loc":{"start":{"line":123,"column":4},"end":{"line":125,"column":4}}},"9":{"name":"approve","line":134,"loc":{"start":{"line":134,"column":4},"end":{"line":137,"column":4}}},"10":{"name":"transferFrom","line":152,"loc":{"start":{"line":152,"column":4},"end":{"line":156,"column":4}}},"11":{"name":"increaseAllowance","line":170,"loc":{"start":{"line":170,"column":4},"end":{"line":173,"column":4}}},"12":{"name":"decreaseAllowance","line":189,"loc":{"start":{"line":189,"column":4},"end":{"line":192,"column":4}}},"13":{"name":"_transfer","line":208,"loc":{"start":{"line":208,"column":4},"end":{"line":217,"column":4}}},"14":{"name":"_mint","line":228,"loc":{"start":{"line":228,"column":4},"end":{"line":236,"column":4}}},"15":{"name":"_burn","line":249,"loc":{"start":{"line":249,"column":4},"end":{"line":257,"column":4}}},"16":{"name":"_approve","line":272,"loc":{"start":{"line":272,"column":4},"end":{"line":278,"column":4}}},"17":{"name":"_setupDecimals","line":287,"loc":{"start":{"line":287,"column":4},"end":{"line":289,"column":4}}},"18":{"name":"_beforeTokenTransfer","line":305,"loc":{"start":{"line":305,"column":4},"end":{"line":305,"column":95}}}},"statementMap":{"1":{"start":{"line":56,"column":8},"end":{"line":56,"column":20}},"2":{"start":{"line":57,"column":8},"end":{"line":57,"column":24}},"3":{"start":{"line":58,"column":8},"end":{"line":58,"column":21}},"4":{"start":{"line":65,"column":8},"end":{"line":65,"column":20}},"5":{"start":{"line":73,"column":8},"end":{"line":73,"column":22}},"6":{"start":{"line":90,"column":8},"end":{"line":90,"column":24}},"7":{"start":{"line":97,"column":8},"end":{"line":97,"column":27}},"8":{"start":{"line":104,"column":8},"end":{"line":104,"column":33}},"9":{"start":{"line":116,"column":8},"end":{"line":116,"column":49}},"10":{"start":{"line":117,"column":8},"end":{"line":117,"column":19}},"11":{"start":{"line":124,"column":8},"end":{"line":124,"column":42}},"12":{"start":{"line":135,"column":8},"end":{"line":135,"column":46}},"13":{"start":{"line":136,"column":8},"end":{"line":136,"column":19}},"14":{"start":{"line":153,"column":8},"end":{"line":153,"column":43}},"15":{"start":{"line":154,"column":8},"end":{"line":154,"column":128}},"16":{"start":{"line":155,"column":8},"end":{"line":155,"column":19}},"17":{"start":{"line":171,"column":8},"end":{"line":171,"column":90}},"18":{"start":{"line":172,"column":8},"end":{"line":172,"column":19}},"19":{"start":{"line":190,"column":8},"end":{"line":190,"column":136}},"20":{"start":{"line":191,"column":8},"end":{"line":191,"column":19}},"21":{"start":{"line":209,"column":8},"end":{"line":209,"column":77}},"22":{"start":{"line":210,"column":8},"end":{"line":210,"column":78}},"23":{"start":{"line":212,"column":8},"end":{"line":212,"column":54}},"24":{"start":{"line":214,"column":8},"end":{"line":214,"column":98}},"25":{"start":{"line":215,"column":8},"end":{"line":215,"column":62}},"26":{"start":{"line":216,"column":8},"end":{"line":216,"column":48}},"27":{"start":{"line":229,"column":8},"end":{"line":229,"column":72}},"28":{"start":{"line":231,"column":8},"end":{"line":231,"column":56}},"29":{"start":{"line":233,"column":8},"end":{"line":233,"column":46}},"30":{"start":{"line":234,"column":8},"end":{"line":234,"column":58}},"31":{"start":{"line":235,"column":8},"end":{"line":235,"column":50}},"32":{"start":{"line":250,"column":8},"end":{"line":250,"column":74}},"33":{"start":{"line":252,"column":8},"end":{"line":252,"column":56}},"34":{"start":{"line":254,"column":8},"end":{"line":254,"column":96}},"35":{"start":{"line":255,"column":8},"end":{"line":255,"column":46}},"36":{"start":{"line":256,"column":8},"end":{"line":256,"column":50}},"37":{"start":{"line":273,"column":8},"end":{"line":273,"column":75}},"38":{"start":{"line":274,"column":8},"end":{"line":274,"column":75}},"39":{"start":{"line":276,"column":8},"end":{"line":276,"column":43}},"40":{"start":{"line":277,"column":8},"end":{"line":277,"column":45}},"41":{"start":{"line":288,"column":8},"end":{"line":288,"column":28}}},"branchMap":{"1":{"line":209,"type":"if","locations":[{"start":{"line":209,"column":8},"end":{"line":209,"column":8}},{"start":{"line":209,"column":8},"end":{"line":209,"column":8}}]},"2":{"line":210,"type":"if","locations":[{"start":{"line":210,"column":8},"end":{"line":210,"column":8}},{"start":{"line":210,"column":8},"end":{"line":210,"column":8}}]},"3":{"line":229,"type":"if","locations":[{"start":{"line":229,"column":8},"end":{"line":229,"column":8}},{"start":{"line":229,"column":8},"end":{"line":229,"column":8}}]},"4":{"line":250,"type":"if","locations":[{"start":{"line":250,"column":8},"end":{"line":250,"column":8}},{"start":{"line":250,"column":8},"end":{"line":250,"column":8}}]},"5":{"line":273,"type":"if","locations":[{"start":{"line":273,"column":8},"end":{"line":273,"column":8}},{"start":{"line":273,"column":8},"end":{"line":273,"column":8}}]},"6":{"line":274,"type":"if","locations":[{"start":{"line":274,"column":8},"end":{"line":274,"column":8}},{"start":{"line":274,"column":8},"end":{"line":274,"column":8}}]}}},"contracts/initializable/ERC20Burnable.sol":{"l":{"22":7,"37":10,"39":8,"40":8},"path":"/home/amxx/Work/Projects/ERC20s/contracts/initializable/ERC20Burnable.sol","s":{"1":7,"2":10,"3":8,"4":8},"b":{},"f":{"1":7,"2":10},"fnMap":{"1":{"name":"burn","line":21,"loc":{"start":{"line":21,"column":4},"end":{"line":23,"column":4}}},"2":{"name":"burnFrom","line":36,"loc":{"start":{"line":36,"column":4},"end":{"line":41,"column":4}}}},"statementMap":{"1":{"start":{"line":22,"column":8},"end":{"line":22,"column":34}},"2":{"start":{"line":37,"column":8},"end":{"line":37,"column":121}},"3":{"start":{"line":39,"column":8},"end":{"line":39,"column":58}},"4":{"start":{"line":40,"column":8},"end":{"line":40,"column":29}}},"branchMap":{}},"contracts/initializable/ERC20Capped.sol":{"l":{"20":59,"21":59,"28":2,"39":80,"41":80,"42":49},"path":"/home/amxx/Work/Projects/ERC20s/contracts/initializable/ERC20Capped.sol","s":{"1":59,"2":59,"3":2,"4":80,"5":80,"6":49},"b":{"1":[59,0],"2":[49,31],"3":[45,4]},"f":{"1":59,"2":2,"3":80},"fnMap":{"1":{"name":"_initializeERC20Capped","line":19,"loc":{"start":{"line":19,"column":4},"end":{"line":22,"column":4}}},"2":{"name":"cap","line":27,"loc":{"start":{"line":27,"column":4},"end":{"line":29,"column":4}}},"3":{"name":"_beforeTokenTransfer","line":38,"loc":{"start":{"line":38,"column":4},"end":{"line":44,"column":4}}}},"statementMap":{"1":{"start":{"line":20,"column":8},"end":{"line":20,"column":49}},"2":{"start":{"line":21,"column":8},"end":{"line":21,"column":18}},"3":{"start":{"line":28,"column":8},"end":{"line":28,"column":19}},"4":{"start":{"line":39,"column":8},"end":{"line":39,"column":51}},"5":{"start":{"line":41,"column":8},"end":{"line":41,"column":1051}},"6":{"start":{"line":42,"column":12},"end":{"line":42,"column":82}}},"branchMap":{"1":{"line":20,"type":"if","locations":[{"start":{"line":20,"column":8},"end":{"line":20,"column":8}},{"start":{"line":20,"column":8},"end":{"line":20,"column":8}}]},"2":{"line":41,"type":"if","locations":[{"start":{"line":41,"column":8},"end":{"line":41,"column":8}},{"start":{"line":41,"column":8},"end":{"line":41,"column":8}}]},"3":{"line":42,"type":"if","locations":[{"start":{"line":42,"column":12},"end":{"line":42,"column":12}},{"start":{"line":42,"column":12},"end":{"line":42,"column":12}}]}}},"contracts/initializable/ERC20Pausable.sol":{"l":{"24":80,"26":76},"path":"/home/amxx/Work/Projects/ERC20s/contracts/initializable/ERC20Pausable.sol","s":{"1":80,"2":76},"b":{"1":[74,2]},"f":{"1":80},"fnMap":{"1":{"name":"_beforeTokenTransfer","line":23,"loc":{"start":{"line":23,"column":4},"end":{"line":27,"column":4}}}},"statementMap":{"1":{"start":{"line":24,"column":8},"end":{"line":24,"column":51}},"2":{"start":{"line":26,"column":8},"end":{"line":26,"column":71}}},"branchMap":{"1":{"line":26,"type":"if","locations":[{"start":{"line":26,"column":8},"end":{"line":26,"column":8}},{"start":{"line":26,"column":8},"end":{"line":26,"column":8}}]}}},"contracts/initializable/Ownable.sol":{"l":{"27":59,"28":59,"35":3,"42":65,"43":57,"54":1,"55":1,"63":3,"64":1,"65":1},"path":"/home/amxx/Work/Projects/ERC20s/contracts/initializable/Ownable.sol","s":{"1":59,"2":59,"3":3,"4":65,"5":1,"6":1,"7":3,"8":1,"9":1},"b":{"1":[57,8],"2":[1,2]},"f":{"1":59,"2":3,"3":65,"4":1,"5":3},"fnMap":{"1":{"name":"_initializeOwnable","line":26,"loc":{"start":{"line":26,"column":4},"end":{"line":29,"column":4}}},"2":{"name":"owner","line":34,"loc":{"start":{"line":34,"column":4},"end":{"line":36,"column":4}}},"3":{"name":"onlyOwner","line":41,"loc":{"start":{"line":41,"column":4},"end":{"line":44,"column":4}}},"4":{"name":"renounceOwnership","line":53,"loc":{"start":{"line":53,"column":4},"end":{"line":56,"column":4}}},"5":{"name":"transferOwnership","line":62,"loc":{"start":{"line":62,"column":4},"end":{"line":66,"column":4}}}},"statementMap":{"1":{"start":{"line":27,"column":8},"end":{"line":27,"column":22}},"2":{"start":{"line":28,"column":8},"end":{"line":28,"column":53}},"3":{"start":{"line":35,"column":8},"end":{"line":35,"column":21}},"4":{"start":{"line":42,"column":8},"end":{"line":42,"column":74}},"5":{"start":{"line":54,"column":8},"end":{"line":54,"column":53}},"6":{"start":{"line":55,"column":8},"end":{"line":55,"column":26}},"7":{"start":{"line":63,"column":8},"end":{"line":63,"column":80}},"8":{"start":{"line":64,"column":8},"end":{"line":64,"column":51}},"9":{"start":{"line":65,"column":8},"end":{"line":65,"column":24}}},"branchMap":{"1":{"line":42,"type":"if","locations":[{"start":{"line":42,"column":8},"end":{"line":42,"column":8}},{"start":{"line":42,"column":8},"end":{"line":42,"column":8}}]},"2":{"line":63,"type":"if","locations":[{"start":{"line":63,"column":8},"end":{"line":63,"column":8}},{"start":{"line":63,"column":8},"end":{"line":63,"column":8}}]}}}}